<?xml version="1.0" encoding="UTF-8"?>
<!-- Generated by org.testng.reporters.JUnitXMLReporter -->
<testsuite ignored="19" hostname="DESKTOP-VF6R5DT" failures="0" tests="1" name="Default test" time="9.776" errors="0" timestamp="2025-04-30T04:29:34 EET">
  <testcase classname="AutomationSimiFinalProject.AutomationSimiFinalProject.AppTest" name="OpenNewWindow" time="3.265"/>
  <testcase classname="AutomationSimiFinalProject.AutomationSimiFinalProject.AppTest" name="AutoCompleteTest" time="0.0">
    <ignored/>
  </testcase> <!-- AutoCompleteTest -->
  <testcase classname="AutomationSimiFinalProject.AutomationSimiFinalProject.AppTest" name="PrintPriceFromTable" time="0.0">
    <ignored/>
  </testcase> <!-- PrintPriceFromTable -->
  <testcase classname="AutomationSimiFinalProject.AutomationSimiFinalProject.AppTest" name="EnableDisableTest" time="0.0">
    <ignored/>
  </testcase> <!-- EnableDisableTest -->
  <testcase classname="AutomationSimiFinalProject.AutomationSimiFinalProject.AppTest" name="printTableData" time="0.0">
    <ignored/>
  </testcase> <!-- printTableData -->
  <testcase classname="AutomationSimiFinalProject.AutomationSimiFinalProject.AppTest" name="BokingCalenderNewTapTest" time="0.0">
    <ignored/>
  </testcase> <!-- BokingCalenderNewTapTest -->
  <testcase classname="AutomationSimiFinalProject.AutomationSimiFinalProject.AppTest" name="DynamicDropDown" time="0.0">
    <ignored/>
  </testcase> <!-- DynamicDropDown -->
  <testcase classname="AutomationSimiFinalProject.AutomationSimiFinalProject.AppTest" name="ElementDisplayedTest" time="0.0">
    <ignored/>
  </testcase> <!-- ElementDisplayedTest -->
  <testcase classname="AutomationSimiFinalProject.AutomationSimiFinalProject.AppTest" name="IframeTest" time="0.0">
    <ignored/>
  </testcase> <!-- IframeTest -->
  <testcase classname="AutomationSimiFinalProject.AutomationSimiFinalProject.AppTest" name="MouseHovering" time="0.0">
    <ignored/>
  </testcase> <!-- MouseHovering -->
  <testcase classname="AutomationSimiFinalProject.AutomationSimiFinalProject.AppTest" name="OpenNewTab" time="0.0">
    <ignored/>
  </testcase> <!-- OpenNewTab -->
  <testcase classname="AutomationSimiFinalProject.AutomationSimiFinalProject.AppTest" name="ConfirmTest" time="0.0">
    <ignored/>
  </testcase> <!-- ConfirmTest -->
  <testcase classname="AutomationSimiFinalProject.AutomationSimiFinalProject.AppTest" name="PrintTableData" time="0.0">
    <ignored/>
  </testcase> <!-- PrintTableData -->
  <testcase classname="AutomationSimiFinalProject.AutomationSimiFinalProject.AppTest" name="StaticDropDown" time="0.0">
    <ignored/>
  </testcase> <!-- StaticDropDown -->
  <testcase classname="AutomationSimiFinalProject.AutomationSimiFinalProject.AppTest" name="CheckboxTest" time="0.0">
    <ignored/>
  </testcase> <!-- CheckboxTest -->
  <testcase classname="AutomationSimiFinalProject.AutomationSimiFinalProject.AppTest" name="AlertTest" time="0.0">
    <ignored/>
  </testcase> <!-- AlertTest -->
  <testcase classname="AutomationSimiFinalProject.AutomationSimiFinalProject.AppTest" name="RadioButton" time="0.0">
    <ignored/>
  </testcase> <!-- RadioButton -->
  <testcase classname="AutomationSimiFinalProject.AutomationSimiFinalProject.AppTest" name="StaticList" time="0.0">
    <ignored/>
  </testcase> <!-- StaticList -->
  <testcase classname="AutomationSimiFinalProject.AutomationSimiFinalProject.AppTest" name="CheckboxTest1" time="0.0">
    <ignored/>
  </testcase> <!-- CheckboxTest1 -->
  <testcase classname="AutomationSimiFinalProject.AutomationSimiFinalProject.AppTest" name="PrintDynamicDropDown" time="0.0">
    <ignored/>
  </testcase> <!-- PrintDynamicDropDown -->
</testsuite> <!-- Default test -->
