<?xml version="1.0" encoding="UTF-8"?>
<testng-results ignored="19" total="20" passed="1" failed="0" skipped="0">
  <reporter-output>
  </reporter-output>
  <suite started-at="2025-04-30T04:29:24 EET" name="Default suite" finished-at="2025-04-30T04:29:33 EET" duration-ms="9776">
    <groups>
    </groups>
    <test started-at="2025-04-30T04:29:24 EET" name="Default test" finished-at="2025-04-30T04:29:33 EET" duration-ms="9776">
      <class name="AutomationSimiFinalProject.AutomationSimiFinalProject.AppTest">
        <test-method is-config="true" signature="Setup()[pri:0, instance:AutomationSimiFinalProject.AutomationSimiFinalProject.AppTest@6622fc65]" started-at="2025-04-30T04:29:24 EET" name="Setup" finished-at="2025-04-30T04:29:30 EET" duration-ms="6432" status="PASS">
          <reporter-output>
          </reporter-output>
        </test-method> <!-- Setup -->
        <test-method signature="OpenNewWindow()[pri:9, instance:AutomationSimiFinalProject.AutomationSimiFinalProject.AppTest@6622fc65]" started-at="2025-04-30T04:29:30 EET" name="OpenNewWindow" finished-at="2025-04-30T04:29:33 EET" duration-ms="3265" status="PASS">
          <reporter-output>
          </reporter-output>
        </test-method> <!-- OpenNewWindow -->
      </class> <!-- AutomationSimiFinalProject.AutomationSimiFinalProject.AppTest -->
    </test> <!-- Default test -->
  </suite> <!-- Default suite -->
</testng-results>
