<?xml version="1.0" encoding="UTF-8"?>
<testng-results ignored="20" total="21" passed="1" failed="0" skipped="0">
  <reporter-output>
  </reporter-output>
  <suite started-at="2025-04-29T21:06:38 EET" name="Default suite" finished-at="2025-04-29T21:06:54 EET" duration-ms="15825">
    <groups>
    </groups>
    <test started-at="2025-04-29T21:06:38 EET" name="Default test" finished-at="2025-04-29T21:06:54 EET" duration-ms="15825">
      <class name="AutomationSimiFinalProject.AutomationSimiFinalProject.AppTest">
        <test-method is-config="true" signature="Setup()[pri:0, instance:AutomationSimiFinalProject.AutomationSimiFinalProject.AppTest@6622fc65]" started-at="2025-04-29T21:06:38 EET" name="Setup" finished-at="2025-04-29T21:06:47 EET" duration-ms="8940" status="PASS">
          <reporter-output>
          </reporter-output>
        </test-method> <!-- Setup -->
        <test-method signature="IframeTest()[pri:21, instance:AutomationSimiFinalProject.AutomationSimiFinalProject.AppTest@6622fc65]" started-at="2025-04-29T21:06:47 EET" name="IframeTest" finished-at="2025-04-29T21:06:54 EET" duration-ms="6785" status="PASS">
          <reporter-output>
          </reporter-output>
        </test-method> <!-- IframeTest -->
      </class> <!-- AutomationSimiFinalProject.AutomationSimiFinalProject.AppTest -->
    </test> <!-- Default test -->
  </suite> <!-- Default suite -->
</testng-results>
